<?xml version="1.0" encoding="utf-8" ?>
<testsuites tests="17" failures="0" time="0.067">
  <testsuite name="test_util" tests="17" failures="0" skipped="0" errors="0" time="0.067">
    <testcase name="test_pid_0" time="0.000"/>
    <testcase name="test_pid_1" time="0.000"/>
    <testcase name="test_pid_2" time="0.000"/>
    <testcase name="test_pid_3" time="0.000"/>
    <testcase name="test_pid_4" time="0.000"/>
    <testcase name="test_hsv2rgb_0" time="0.000"/>
    <testcase name="test_hsv2rgb_1" time="0.000"/>
    <testcase name="test_hsv2rgb_2" time="0.000"/>
    <testcase name="test_hsv2rgb_3" time="0.000"/>
    <testcase name="test_hsv2rgb_4" time="0.000"/>
    <testcase name="test_hsv2rgb_5" time="0.000"/>
    <testcase name="test_hsv2rgb_6" time="0.000"/>
    <testcase name="test_hsv2rgb_7" time="0.000"/>
    <testcase name="test_hsv2rgb_8" time="0.000"/>
    <testcase name="test_hsv2rgb_9" time="0.000"/>
    <testcase name="test_decay_pos_0" time="0.000"/>
    <testcase name="test_decay_pos_1" time="0.000"/>
    <system-out>
Result: 100
Result: 100
Result: 100
Result: 100
Result: 100
Result: 98
Result: 98
Result: 98
Result: 98
Result: 98
Result: 96
Result: 96
Result: 96
Result: 96
Result: 96
Result: 94
Result: 94
Result: 94
Result: 94
Result: 94
Result: 92
Result: 92
Result: 92
Result: 92
Result: 92
Result: 90
Result: 90
Result: 90
Result: 90
Result: 90
Result: 88
Result: 88
Result: 0
Result: 0
Result: 0
Result: 0
Result: 0
Result: 0
Result: 0
Result: 0
Result: 0
Result: 0
Result: 0
Result: 0
Result: 0
Result: 0
Result: 0
Result: 0
Result: 0
Result: 0
Result: 0
Result: 0
    </system-out>
  </testsuite>
</testsuites>
